[04:40:43.232] [INFO] Storybook Upgrade - v10.0.8
[04:40:43.313] [INFO] detect-projects-spinner-start: Detecting projects...
[04:40:43.315] [DEBUG] Finding Storybook projects...
[04:40:43.705] [DEBUG] Found 1 Storybook projects
[04:40:43.710] [INFO] detect-projects-spinner: Detecting projects: 1 projects
[04:40:43.710] [DEBUG] Getting Storybook data...
[04:40:43.710] [DEBUG] Getting Storybook info...
[04:40:43.719] [DEBUG] Loading main config...
[04:40:44.441] [DEBUG] Error: Unable to find or evaluate D:\app\Markdown editor\.storybook\main.ts: SB_CORE-SERVER_0007 (MainFileEvaluationError): Storybook couldn't evaluate your .storybook\main.ts file.

Original error:
TypeError [ERR_IMPORT_ATTRIBUTE_MISSING]: Module "file:///D:/app/Markdown%20editor/package.json" needs an import attribute of "type: json"
    at validateAttributes (node:internal/modules/esm/assert:88:15)
    at defaultLoad (node:internal/modules/esm/load:108:3)
    at nextLoad (node:internal/modules/esm/hooks:748:28)
    at load (file:///C:/Users/eddie/AppData/Local/npm-cache/_npx/35296d5896917b91/node_modules/storybook/dist/bin/loader.js:100:10)
    at nextLoad (node:internal/modules/esm/hooks:748:28)
    at Hooks.load (node:internal/modules/esm/hooks:385:26)
    at handleMessage (node:internal/modules/esm/worker:199:24)
    at Immediate.checkForMessages (node:internal/modules/esm/worker:141:28)
    at process.processImmediate (node:internal/timers:485:21)
[04:40:44.441] [INFO] detect-projects-spinner-stop: 1 project detected
[04:40:44.442] [DEBUG] Found 0 valid projects and 1 error projects
[04:40:44.442] [ERROR] Failed to get projects
[04:40:44.511] [ERROR] Error: ❌ Storybook found errors while collecting data for the following projects:
D:/app/Markdown editor/.storybook:
Error: Unable to find or evaluate .\.storybook\main.ts: SB_CORE-SERVER_0007 (MainFileEvaluationError): Storybook couldn't evaluate your .storybook\main.ts file.

Original error:
TypeError [ERR_IMPORT_ATTRIBUTE_MISSING]: Module "file:///D:/app/Markdown%20editor/package.json" needs an import attribute of "type: json"
    at validateAttributes (node:internal/modules/esm/assert:88:15)
    at defaultLoad (node:internal/modules/esm/load:108:3)
    at nextLoad (node:internal/modules/esm/hooks:748:28)
    at load (file:///C:/Users/eddie/AppData/Local/npm-cache/_npx/35296d5896917b91/node_modules/storybook/dist/bin/loader.js:100:10)
    at nextLoad (node:internal/modules/esm/hooks:748:28)
    at Hooks.load (node:internal/modules/esm/hooks:385:26)
    at handleMessage (node:internal/modules/esm/worker:199:24)
    at Immediate.checkForMessages (node:internal/modules/esm/worker:141:28)
    at process.processImmediate (node:internal/timers:485:21)
    at getStorybookData (file:///C:/Users/eddie/AppData/Local/npm-cache/_npx/35296d5896917b91/node_modules/@storybook/cli/dist/_node-chunks/chunk-6M4EMAET.js:1207:11)
    at async processProject (file:///C:/Users/eddie/AppData/Local/npm-cache/_npx/35296d5896917b91/node_modules/@storybook/cli/dist/_node-chunks/chunk-6M4EMAET.js:1369:9)
Please fix the errors and run the upgrade command again.
    at getProjects (file:///C:/Users/eddie/AppData/Local/npm-cache/_npx/35296d5896917b91/node_modules/@storybook/cli/dist/_node-chunks/chunk-6M4EMAET.js:1606:13)
    at async file:///C:/Users/eddie/AppData/Local/npm-cache/_npx/35296d5896917b91/node_modules/@storybook/cli/dist/_node-chunks/run-TLOFK5QH.js:11206:30
    at async withTelemetry (file:///C:/Users/eddie/AppData/Local/npm-cache/_npx/35296d5896917b91/node_modules/storybook/dist/_node-chunks/chunk-TKXE3RQ5.js:278:12)
    at async upgrade (file:///C:/Users/eddie/AppData/Local/npm-cache/_npx/35296d5896917b91/node_modules/@storybook/cli/dist/_node-chunks/run-TLOFK5QH.js:11201:3)
    at async Command.<anonymous> (file:///C:/Users/eddie/AppData/Local/npm-cache/_npx/35296d5896917b91/node_modules/@storybook/cli/dist/_node-chunks/run-TLOFK5QH.js:11451:3)
[04:40:44.581] [INFO] Attention: Storybook now collects completely anonymous telemetry regarding usage. This information is used to shape Storybook's roadmap and prioritize features.
[04:40:44.651] [INFO] You can learn more, including how to opt-out if you'd not like to participate in this anonymous program, by visiting the following URL:
[04:40:44.719] [INFO] https://storybook.js.org/telemetry
[04:40:44.776] [INFO] 
[04:40:45.529] [ERROR] Error: ❌ Storybook found errors while collecting data for the following projects:
D:/app/Markdown editor/.storybook:
Error: Unable to find or evaluate .\.storybook\main.ts: SB_CORE-SERVER_0007 (MainFileEvaluationError): Storybook couldn't evaluate your .storybook\main.ts file.

Original error:
TypeError [ERR_IMPORT_ATTRIBUTE_MISSING]: Module "file:///D:/app/Markdown%20editor/package.json" needs an import attribute of "type: json"
    at validateAttributes (node:internal/modules/esm/assert:88:15)
    at defaultLoad (node:internal/modules/esm/load:108:3)
    at nextLoad (node:internal/modules/esm/hooks:748:28)
    at load (file:///C:/Users/eddie/AppData/Local/npm-cache/_npx/35296d5896917b91/node_modules/storybook/dist/bin/loader.js:100:10)
    at nextLoad (node:internal/modules/esm/hooks:748:28)
    at Hooks.load (node:internal/modules/esm/hooks:385:26)
    at handleMessage (node:internal/modules/esm/worker:199:24)
    at Immediate.checkForMessages (node:internal/modules/esm/worker:141:28)
    at process.processImmediate (node:internal/timers:485:21)
    at getStorybookData (file:///C:/Users/eddie/AppData/Local/npm-cache/_npx/35296d5896917b91/node_modules/@storybook/cli/dist/_node-chunks/chunk-6M4EMAET.js:1207:11)
    at async processProject (file:///C:/Users/eddie/AppData/Local/npm-cache/_npx/35296d5896917b91/node_modules/@storybook/cli/dist/_node-chunks/chunk-6M4EMAET.js:1369:9)
Please fix the errors and run the upgrade command again.